{"C:\\Users\\matte\\WebstormProjects\\NutriVerse\\config\\validation.js": {"path":"C:\\Users\\matte\\WebstormProjects\\NutriVerse\\config\\validation.js","statementMap":{"0":{"start":{"line":2,"column":12},"end":{"line":2,"column":32}},"1":{"start":{"line":5,"column":27},"end":{"line":20,"column":1}},"2":{"start":{"line":6,"column":19},"end":{"line":18,"column":6}},"3":{"start":{"line":19,"column":4},"end":{"line":19,"column":32}},"4":{"start":{"line":22,"column":24},"end":{"line":28,"column":1}},"5":{"start":{"line":23,"column":19},"end":{"line":26,"column":6}},"6":{"start":{"line":27,"column":4},"end":{"line":27,"column":32}},"7":{"start":{"line":30,"column":0},"end":{"line":33,"column":1}}},"fnMap":{"0":{"name":"(anonymous_0)","decl":{"start":{"line":5,"column":27},"end":{"line":5,"column":28}},"loc":{"start":{"line":5,"column":35},"end":{"line":20,"column":1}},"line":5},"1":{"name":"(anonymous_1)","decl":{"start":{"line":22,"column":24},"end":{"line":22,"column":25}},"loc":{"start":{"line":22,"column":32},"end":{"line":28,"column":1}},"line":22}},"branchMap":{},"s":{"0":1,"1":1,"2":0,"3":0,"4":1,"5":1,"6":1,"7":1},"f":{"0":0,"1":1},"b":{},"_coverageSchema":"1a1c01bbd47fc00a2c39e90264f33305004495a9","hash":"ae5996ff083ac6ceeeaaa32c91a9a91a6e1941bf"}
,"C:\\Users\\matte\\WebstormProjects\\NutriVerse\\config\\verifyToken.js": {"path":"C:\\Users\\matte\\WebstormProjects\\NutriVerse\\config\\verifyToken.js","statementMap":{"0":{"start":{"line":1,"column":12},"end":{"line":1,"column":35}},"1":{"start":{"line":3,"column":0},"end":{"line":14,"column":1}},"2":{"start":{"line":4,"column":18},"end":{"line":4,"column":42}},"3":{"start":{"line":5,"column":4},"end":{"line":5,"column":61}},"4":{"start":{"line":5,"column":16},"end":{"line":5,"column":61}},"5":{"start":{"line":7,"column":4},"end":{"line":13,"column":5}},"6":{"start":{"line":8,"column":24},"end":{"line":8,"column":67}},"7":{"start":{"line":9,"column":8},"end":{"line":9,"column":27}},"8":{"start":{"line":10,"column":8},"end":{"line":10,"column":15}},"9":{"start":{"line":12,"column":8},"end":{"line":12,"column":46}}},"fnMap":{"0":{"name":"verifyToken","decl":{"start":{"line":3,"column":26},"end":{"line":3,"column":37}},"loc":{"start":{"line":3,"column":54},"end":{"line":14,"column":1}},"line":3}},"branchMap":{"0":{"loc":{"start":{"line":5,"column":4},"end":{"line":5,"column":61}},"type":"if","locations":[{"start":{"line":5,"column":4},"end":{"line":5,"column":61}},{"start":{},"end":{}}],"line":5}},"s":{"0":1,"1":1,"2":0,"3":0,"4":0,"5":0,"6":0,"7":0,"8":0,"9":0},"f":{"0":0},"b":{"0":[0,0]},"_coverageSchema":"1a1c01bbd47fc00a2c39e90264f33305004495a9","hash":"0de00b9584f6668cb6b368205b5e5c4aeebd047f"}
,"C:\\Users\\matte\\WebstormProjects\\NutriVerse\\model\\UserModel.js": {"path":"C:\\Users\\matte\\WebstormProjects\\NutriVerse\\model\\UserModel.js","statementMap":{"0":{"start":{"line":1,"column":17},"end":{"line":1,"column":36}},"1":{"start":{"line":2,"column":15},"end":{"line":2,"column":41}},"2":{"start":{"line":3,"column":15},"end":{"line":3,"column":44}},"3":{"start":{"line":4,"column":17},"end":{"line":4,"column":48}},"4":{"start":{"line":6,"column":19},"end":{"line":96,"column":2}},"5":{"start":{"line":37,"column":27},"end":{"line":37,"column":63}},"6":{"start":{"line":38,"column":16},"end":{"line":38,"column":55}},"7":{"start":{"line":59,"column":23},"end":{"line":59,"column":59}},"8":{"start":{"line":60,"column":12},"end":{"line":60,"column":51}},"9":{"start":{"line":82,"column":35},"end":{"line":82,"column":71}},"10":{"start":{"line":83,"column":24},"end":{"line":83,"column":63}},"11":{"start":{"line":98,"column":13},"end":{"line":98,"column":47}},"12":{"start":{"line":100,"column":0},"end":{"line":100,"column":22}}},"fnMap":{"0":{"name":"(anonymous_0)","decl":{"start":{"line":36,"column":21},"end":{"line":36,"column":22}},"loc":{"start":{"line":36,"column":33},"end":{"line":39,"column":13}},"line":36},"1":{"name":"(anonymous_1)","decl":{"start":{"line":58,"column":17},"end":{"line":58,"column":18}},"loc":{"start":{"line":58,"column":29},"end":{"line":61,"column":9}},"line":58},"2":{"name":"(anonymous_2)","decl":{"start":{"line":81,"column":29},"end":{"line":81,"column":30}},"loc":{"start":{"line":81,"column":41},"end":{"line":84,"column":21}},"line":81}},"branchMap":{},"s":{"0":1,"1":1,"2":1,"3":1,"4":1,"5":0,"6":0,"7":0,"8":0,"9":0,"10":0,"11":1,"12":1},"f":{"0":0,"1":0,"2":0},"b":{},"_coverageSchema":"1a1c01bbd47fc00a2c39e90264f33305004495a9","hash":"df724858e333ec820c40c4cc1ad4b657ff0eb481"}
,"C:\\Users\\matte\\WebstormProjects\\NutriVerse\\routes\\auth.js": {"path":"C:\\Users\\matte\\WebstormProjects\\NutriVerse\\routes\\auth.js","statementMap":{"0":{"start":{"line":1,"column":15},"end":{"line":1,"column":42}},"1":{"start":{"line":2,"column":13},"end":{"line":2,"column":42}},"2":{"start":{"line":3,"column":15},"end":{"line":3,"column":34}},"3":{"start":{"line":4,"column":12},"end":{"line":4,"column":35}},"4":{"start":{"line":5,"column":15},"end":{"line":5,"column":47}},"5":{"start":{"line":6,"column":28},"end":{"line":6,"column":59}},"6":{"start":{"line":9,"column":0},"end":{"line":35,"column":3}},"7":{"start":{"line":10,"column":4},"end":{"line":34,"column":5}},"8":{"start":{"line":12,"column":26},"end":{"line":12,"column":51}},"9":{"start":{"line":13,"column":8},"end":{"line":13,"column":105}},"10":{"start":{"line":13,"column":19},"end":{"line":13,"column":105}},"11":{"start":{"line":16,"column":21},"end":{"line":16,"column":66}},"12":{"start":{"line":17,"column":8},"end":{"line":17,"column":91}},"13":{"start":{"line":17,"column":19},"end":{"line":17,"column":91}},"14":{"start":{"line":20,"column":8},"end":{"line":20,"column":130}},"15":{"start":{"line":20,"column":29},"end":{"line":20,"column":130}},"16":{"start":{"line":23,"column":26},"end":{"line":23,"column":80}},"17":{"start":{"line":24,"column":8},"end":{"line":24,"column":103}},"18":{"start":{"line":24,"column":24},"end":{"line":24,"column":103}},"19":{"start":{"line":27,"column":22},"end":{"line":27,"column":96}},"20":{"start":{"line":30,"column":8},"end":{"line":30,"column":60}},"21":{"start":{"line":33,"column":8},"end":{"line":33,"column":80}},"22":{"start":{"line":38,"column":0},"end":{"line":60,"column":3}},"23":{"start":{"line":39,"column":4},"end":{"line":59,"column":5}},"24":{"start":{"line":41,"column":22},"end":{"line":41,"column":37}},"25":{"start":{"line":42,"column":8},"end":{"line":42,"column":78}},"26":{"start":{"line":42,"column":20},"end":{"line":42,"column":78}},"27":{"start":{"line":45,"column":25},"end":{"line":45,"column":68}},"28":{"start":{"line":46,"column":8},"end":{"line":46,"column":78}},"29":{"start":{"line":46,"column":23},"end":{"line":46,"column":78}},"30":{"start":{"line":49,"column":21},"end":{"line":49,"column":54}},"31":{"start":{"line":50,"column":8},"end":{"line":50,"column":75}},"32":{"start":{"line":50,"column":19},"end":{"line":50,"column":75}},"33":{"start":{"line":52,"column":8},"end":{"line":52,"column":30}},"34":{"start":{"line":53,"column":8},"end":{"line":53,"column":26}},"35":{"start":{"line":55,"column":8},"end":{"line":55,"column":92}},"36":{"start":{"line":57,"column":8},"end":{"line":57,"column":55}},"37":{"start":{"line":58,"column":8},"end":{"line":58,"column":64}},"38":{"start":{"line":63,"column":0},"end":{"line":67,"column":2}},"39":{"start":{"line":64,"column":4},"end":{"line":64,"column":91}},"40":{"start":{"line":64,"column":37},"end":{"line":64,"column":91}},"41":{"start":{"line":65,"column":4},"end":{"line":65,"column":34}},"42":{"start":{"line":66,"column":4},"end":{"line":66,"column":56}},"43":{"start":{"line":69,"column":0},"end":{"line":69,"column":24}}},"fnMap":{"0":{"name":"(anonymous_0)","decl":{"start":{"line":9,"column":17},"end":{"line":9,"column":18}},"loc":{"start":{"line":9,"column":37},"end":{"line":35,"column":1}},"line":9},"1":{"name":"(anonymous_1)","decl":{"start":{"line":38,"column":16},"end":{"line":38,"column":17}},"loc":{"start":{"line":38,"column":36},"end":{"line":60,"column":1}},"line":38},"2":{"name":"(anonymous_2)","decl":{"start":{"line":63,"column":27},"end":{"line":63,"column":28}},"loc":{"start":{"line":63,"column":47},"end":{"line":67,"column":1}},"line":63}},"branchMap":{"0":{"loc":{"start":{"line":13,"column":8},"end":{"line":13,"column":105}},"type":"if","locations":[{"start":{"line":13,"column":8},"end":{"line":13,"column":105}},{"start":{},"end":{}}],"line":13},"1":{"loc":{"start":{"line":17,"column":8},"end":{"line":17,"column":91}},"type":"if","locations":[{"start":{"line":17,"column":8},"end":{"line":17,"column":91}},{"start":{},"end":{}}],"line":17},"2":{"loc":{"start":{"line":20,"column":8},"end":{"line":20,"column":130}},"type":"if","locations":[{"start":{"line":20,"column":8},"end":{"line":20,"column":130}},{"start":{},"end":{}}],"line":20},"3":{"loc":{"start":{"line":24,"column":8},"end":{"line":24,"column":103}},"type":"if","locations":[{"start":{"line":24,"column":8},"end":{"line":24,"column":103}},{"start":{},"end":{}}],"line":24},"4":{"loc":{"start":{"line":42,"column":8},"end":{"line":42,"column":78}},"type":"if","locations":[{"start":{"line":42,"column":8},"end":{"line":42,"column":78}},{"start":{},"end":{}}],"line":42},"5":{"loc":{"start":{"line":46,"column":8},"end":{"line":46,"column":78}},"type":"if","locations":[{"start":{"line":46,"column":8},"end":{"line":46,"column":78}},{"start":{},"end":{}}],"line":46},"6":{"loc":{"start":{"line":50,"column":8},"end":{"line":50,"column":75}},"type":"if","locations":[{"start":{"line":50,"column":8},"end":{"line":50,"column":75}},{"start":{},"end":{}}],"line":50},"7":{"loc":{"start":{"line":64,"column":4},"end":{"line":64,"column":91}},"type":"if","locations":[{"start":{"line":64,"column":4},"end":{"line":64,"column":91}},{"start":{},"end":{}}],"line":64}},"s":{"0":1,"1":1,"2":1,"3":1,"4":1,"5":1,"6":1,"7":1,"8":1,"9":1,"10":1,"11":0,"12":0,"13":0,"14":0,"15":0,"16":0,"17":0,"18":0,"19":0,"20":0,"21":0,"22":1,"23":0,"24":0,"25":0,"26":0,"27":0,"28":0,"29":0,"30":0,"31":0,"32":0,"33":0,"34":0,"35":0,"36":0,"37":0,"38":1,"39":0,"40":0,"41":0,"42":0,"43":1},"f":{"0":1,"1":0,"2":0},"b":{"0":[1,0],"1":[0,0],"2":[0,0],"3":[0,0],"4":[0,0],"5":[0,0],"6":[0,0],"7":[0,0]},"_coverageSchema":"1a1c01bbd47fc00a2c39e90264f33305004495a9","hash":"6684b0dd336657a71ff466d1e6d6d472cdc5ae8b"}
}
