TN:
SF:config\validation.js
FN:5,(anonymous_0)
FN:22,(anonymous_1)
FNF:2
FNH:1
FNDA:0,(anonymous_0)
FNDA:1,(anonymous_1)
DA:2,1
DA:5,1
DA:6,0
DA:19,0
DA:22,1
DA:23,1
DA:27,1
DA:30,1
LF:8
LH:6
BRF:0
BRH:0
end_of_record
TN:
SF:config\verifyToken.js
FN:3,verifyToken
FNF:1
FNH:0
FNDA:0,verifyToken
DA:1,1
DA:3,1
DA:4,0
DA:5,0
DA:7,0
DA:8,0
DA:9,0
DA:10,0
DA:12,0
LF:9
LH:2
BRDA:5,0,0,0
BRDA:5,0,1,0
BRF:2
BRH:0
end_of_record
TN:
SF:model\UserModel.js
FN:36,(anonymous_0)
FN:58,(anonymous_1)
FN:81,(anonymous_2)
FNF:3
FNH:0
FNDA:0,(anonymous_0)
FNDA:0,(anonymous_1)
FNDA:0,(anonymous_2)
DA:1,1
DA:2,1
DA:3,1
DA:4,1
DA:6,1
DA:37,0
DA:38,0
DA:59,0
DA:60,0
DA:82,0
DA:83,0
DA:98,1
DA:100,1
LF:13
LH:7
BRF:0
BRH:0
end_of_record
TN:
SF:routes\auth.js
FN:9,(anonymous_0)
FN:38,(anonymous_1)
FN:63,(anonymous_2)
FNF:3
FNH:1
FNDA:1,(anonymous_0)
FNDA:0,(anonymous_1)
FNDA:0,(anonymous_2)
DA:1,1
DA:2,1
DA:3,1
DA:4,1
DA:5,1
DA:6,1
DA:9,1
DA:10,1
DA:12,1
DA:13,1
DA:16,0
DA:17,0
DA:20,0
DA:23,0
DA:24,0
DA:27,0
DA:30,0
DA:33,0
DA:38,1
DA:39,0
DA:41,0
DA:42,0
DA:45,0
DA:46,0
DA:49,0
DA:50,0
DA:52,0
DA:53,0
DA:55,0
DA:57,0
DA:58,0
DA:63,1
DA:64,0
DA:65,0
DA:66,0
DA:69,1
LF:36
LH:13
BRDA:13,0,0,1
BRDA:13,0,1,0
BRDA:17,1,0,0
BRDA:17,1,1,0
BRDA:20,2,0,0
BRDA:20,2,1,0
BRDA:24,3,0,0
BRDA:24,3,1,0
BRDA:42,4,0,0
BRDA:42,4,1,0
BRDA:46,5,0,0
BRDA:46,5,1,0
BRDA:50,6,0,0
BRDA:50,6,1,0
BRDA:64,7,0,0
BRDA:64,7,1,0
BRF:16
BRH:1
end_of_record
